2021-04-20 15:13:09,449 [Worker-0: Loading available Gradle versions] INFO  o.e.b.c.i.u.g.PublishedGradleVersions - Gradle version information cache is up-to-date. Trying to read.
2021-04-20 15:23:57,260 [Worker-8: Creating project "Assignments_From_Kevin"] INFO  o.e.m.c.i.l.LifecycleMappingFactory - Using org.eclipse.m2e.jdt.JarLifecycleMapping lifecycle mapping for MavenProject: com.revature:Assignments_From_Kevin:0.0.1-SNAPSHOT @ C:\Training_Assignments\Assignments_From_Kevin\pom.xml.
2021-04-20 15:23:57,934 [Worker-8: Creating project "Assignments_From_Kevin"] INFO  o.e.m.j.i.AbstractJavaProjectConfigurator - Adding source folder /Assignments_From_Kevin/src/main/java
2021-04-20 15:23:57,936 [Worker-8: Creating project "Assignments_From_Kevin"] INFO  o.e.m.j.i.AbstractJavaProjectConfigurator - Adding resource folder /Assignments_From_Kevin/src/main/resources
2021-04-20 15:23:57,938 [Worker-8: Creating project "Assignments_From_Kevin"] INFO  o.e.m.j.i.AbstractJavaProjectConfigurator - Adding source folder /Assignments_From_Kevin/src/test/java
2021-04-20 15:23:57,938 [Worker-8: Creating project "Assignments_From_Kevin"] INFO  o.e.m.j.i.AbstractJavaProjectConfigurator - Adding resource folder /Assignments_From_Kevin/src/test/resources
2021-04-20 15:23:58,408 [Worker-4: Building] WARN  o.e.m.c.i.embedder.EclipseLogger - Using platform encoding (Cp1252 actually) to copy filtered resources, i.e. build is platform dependent!
2021-04-20 15:23:58,420 [Worker-4: Building] INFO  o.e.m.c.i.embedder.EclipseLogger - Copying 0 resource
2021-04-20 15:23:58,426 [Worker-4: Building] WARN  o.e.m.c.i.embedder.EclipseLogger - Using platform encoding (Cp1252 actually) to copy filtered resources, i.e. build is platform dependent!
2021-04-20 15:23:58,428 [Worker-4: Building] INFO  o.e.m.c.i.embedder.EclipseLogger - Copying 0 resource
2021-04-20 15:24:41,848 [Worker-10: Building] INFO  o.e.m.c.i.l.LifecycleMappingFactory - Using org.eclipse.m2e.jdt.JarLifecycleMapping lifecycle mapping for MavenProject: com.revature:Assignments_From_Kevin:0.0.1-SNAPSHOT @ C:\Training_Assignments\Assignments_From_Kevin\pom.xml.
2021-04-20 15:24:42,218 [Worker-10: Building] WARN  o.e.m.c.i.embedder.EclipseLogger - Using platform encoding (Cp1252 actually) to copy filtered resources, i.e. build is platform dependent!
2021-04-20 15:24:42,221 [Worker-10: Building] INFO  o.e.m.c.i.embedder.EclipseLogger - Copying 0 resource
2021-04-20 15:24:42,225 [Worker-10: Building] WARN  o.e.m.c.i.embedder.EclipseLogger - Using platform encoding (Cp1252 actually) to copy filtered resources, i.e. build is platform dependent!
2021-04-20 15:24:42,227 [Worker-10: Building] INFO  o.e.m.c.i.embedder.EclipseLogger - Copying 0 resource
2021-04-20 15:24:43,778 [Worker-8: Building] WARN  o.e.m.c.i.embedder.EclipseLogger - Using platform encoding (Cp1252 actually) to copy filtered resources, i.e. build is platform dependent!
2021-04-20 15:24:43,782 [Worker-8: Building] INFO  o.e.m.c.i.embedder.EclipseLogger - Copying 0 resource
2021-04-20 15:24:43,785 [Worker-8: Building] WARN  o.e.m.c.i.embedder.EclipseLogger - Using platform encoding (Cp1252 actually) to copy filtered resources, i.e. build is platform dependent!
2021-04-20 15:24:43,786 [Worker-8: Building] INFO  o.e.m.c.i.embedder.EclipseLogger - Copying 0 resource
2021-04-20 15:24:49,243 [Worker-8: Updating Maven Project] INFO  o.e.m.c.i.p.ProjectConfigurationManager - Update started
2021-04-20 15:24:49,830 [Worker-8: Updating Maven Project] INFO  o.e.m.c.i.l.LifecycleMappingFactory - Using org.eclipse.m2e.jdt.JarLifecycleMapping lifecycle mapping for MavenProject: com.revature:Assignments_From_Kevin:0.0.1-SNAPSHOT @ C:\Training_Assignments\Assignments_From_Kevin\pom.xml.
2021-04-20 15:24:50,104 [Worker-8: Updating Maven Project] INFO  o.e.m.j.i.AbstractJavaProjectConfigurator - Adding source folder /Assignments_From_Kevin/src/main/java
2021-04-20 15:24:50,104 [Worker-8: Updating Maven Project] INFO  o.e.m.j.i.AbstractJavaProjectConfigurator - Adding resource folder /Assignments_From_Kevin/src/main/resources
2021-04-20 15:24:50,105 [Worker-8: Updating Maven Project] INFO  o.e.m.j.i.AbstractJavaProjectConfigurator - Adding source folder /Assignments_From_Kevin/src/test/java
2021-04-20 15:24:50,105 [Worker-8: Updating Maven Project] INFO  o.e.m.j.i.AbstractJavaProjectConfigurator - Adding resource folder /Assignments_From_Kevin/src/test/resources
2021-04-20 15:24:50,249 [Worker-8: Updating Maven Project] INFO  o.e.m.c.i.p.ProjectConfigurationManager - Update completed: 1 sec
2021-04-20 15:24:50,424 [Worker-8: Building] WARN  o.e.m.c.i.embedder.EclipseLogger - Using platform encoding (Cp1252 actually) to copy filtered resources, i.e. build is platform dependent!
2021-04-20 15:24:50,426 [Worker-8: Building] INFO  o.e.m.c.i.embedder.EclipseLogger - Copying 0 resource
2021-04-20 15:24:50,429 [Worker-8: Building] WARN  o.e.m.c.i.embedder.EclipseLogger - Using platform encoding (Cp1252 actually) to copy filtered resources, i.e. build is platform dependent!
2021-04-20 15:24:50,432 [Worker-8: Building] INFO  o.e.m.c.i.embedder.EclipseLogger - Copying 0 resource
2021-04-20 15:25:24,918 [Worker-12: Building] INFO  o.e.m.c.i.l.LifecycleMappingFactory - Using org.eclipse.m2e.jdt.JarLifecycleMapping lifecycle mapping for MavenProject: com.revature:Assignments_From_Kevin:0.0.1-SNAPSHOT @ C:\Training_Assignments\Assignments_From_Kevin\pom.xml.
2021-04-20 15:25:25,365 [Worker-12: Building] WARN  o.e.m.c.i.embedder.EclipseLogger - Using platform encoding (Cp1252 actually) to copy filtered resources, i.e. build is platform dependent!
2021-04-20 15:25:25,368 [Worker-12: Building] INFO  o.e.m.c.i.embedder.EclipseLogger - Copying 0 resource
2021-04-20 15:25:25,370 [Worker-12: Building] WARN  o.e.m.c.i.embedder.EclipseLogger - Using platform encoding (Cp1252 actually) to copy filtered resources, i.e. build is platform dependent!
2021-04-20 15:25:25,372 [Worker-12: Building] INFO  o.e.m.c.i.embedder.EclipseLogger - Copying 0 resource
2021-04-20 15:25:30,690 [Worker-12: Updating Maven Project] INFO  o.e.m.c.i.p.ProjectConfigurationManager - Update started
2021-04-20 15:25:31,187 [Worker-12: Updating Maven Project] INFO  o.e.m.c.i.l.LifecycleMappingFactory - Using org.eclipse.m2e.jdt.JarLifecycleMapping lifecycle mapping for MavenProject: com.revature:Assignments_From_Kevin:0.0.1-SNAPSHOT @ C:\Training_Assignments\Assignments_From_Kevin\pom.xml.
2021-04-20 15:25:31,359 [Worker-12: Updating Maven Project] INFO  o.e.m.j.i.AbstractJavaProjectConfigurator - Adding source folder /Assignments_From_Kevin/src/main/java
2021-04-20 15:25:31,359 [Worker-12: Updating Maven Project] INFO  o.e.m.j.i.AbstractJavaProjectConfigurator - Adding resource folder /Assignments_From_Kevin/src/main/resources
2021-04-20 15:25:31,360 [Worker-12: Updating Maven Project] INFO  o.e.m.j.i.AbstractJavaProjectConfigurator - Adding source folder /Assignments_From_Kevin/src/test/java
2021-04-20 15:25:31,361 [Worker-12: Updating Maven Project] INFO  o.e.m.j.i.AbstractJavaProjectConfigurator - Adding resource folder /Assignments_From_Kevin/src/test/resources
2021-04-20 15:25:31,537 [Worker-12: Updating Maven Project] INFO  o.e.m.c.i.p.ProjectConfigurationManager - Update completed: 0 sec
2021-04-20 15:25:31,705 [Worker-10: Building] WARN  o.e.m.c.i.embedder.EclipseLogger - Using platform encoding (Cp1252 actually) to copy filtered resources, i.e. build is platform dependent!
2021-04-20 15:25:31,707 [Worker-10: Building] INFO  o.e.m.c.i.embedder.EclipseLogger - Copying 0 resource
2021-04-20 15:25:31,709 [Worker-10: Building] WARN  o.e.m.c.i.embedder.EclipseLogger - Using platform encoding (Cp1252 actually) to copy filtered resources, i.e. build is platform dependent!
2021-04-20 15:25:31,712 [Worker-10: Building] INFO  o.e.m.c.i.embedder.EclipseLogger - Copying 0 resource
2021-04-20 15:26:38,046 [Worker-4: Building] WARN  o.e.m.c.i.embedder.EclipseLogger - Using platform encoding (Cp1252 actually) to copy filtered resources, i.e. build is platform dependent!
2021-04-20 15:26:38,050 [Worker-4: Building] INFO  o.e.m.c.i.embedder.EclipseLogger - Copying 0 resource
2021-04-20 15:26:38,056 [Worker-4: Building] WARN  o.e.m.c.i.embedder.EclipseLogger - Using platform encoding (Cp1252 actually) to copy filtered resources, i.e. build is platform dependent!
2021-04-20 15:26:38,059 [Worker-4: Building] INFO  o.e.m.c.i.embedder.EclipseLogger - Copying 0 resource
2021-04-20 15:27:16,308 [Worker-11: Building] WARN  o.e.m.c.i.embedder.EclipseLogger - Using platform encoding (Cp1252 actually) to copy filtered resources, i.e. build is platform dependent!
2021-04-20 15:27:16,312 [Worker-11: Building] INFO  o.e.m.c.i.embedder.EclipseLogger - Copying 0 resource
2021-04-20 15:27:16,315 [Worker-11: Building] WARN  o.e.m.c.i.embedder.EclipseLogger - Using platform encoding (Cp1252 actually) to copy filtered resources, i.e. build is platform dependent!
2021-04-20 15:27:16,316 [Worker-11: Building] INFO  o.e.m.c.i.embedder.EclipseLogger - Copying 0 resource
2021-04-20 15:41:02,479 [Worker-16: Launching assignment1] WARN  o.e.m.c.i.embedder.EclipseLogger - Using platform encoding (Cp1252 actually) to copy filtered resources, i.e. build is platform dependent!
2021-04-20 15:41:02,481 [Worker-16: Launching assignment1] INFO  o.e.m.c.i.embedder.EclipseLogger - Copying 0 resource
2021-04-20 15:41:02,483 [Worker-16: Launching assignment1] WARN  o.e.m.c.i.embedder.EclipseLogger - Using platform encoding (Cp1252 actually) to copy filtered resources, i.e. build is platform dependent!
2021-04-20 15:41:02,484 [Worker-16: Launching assignment1] INFO  o.e.m.c.i.embedder.EclipseLogger - Copying 0 resource
2021-04-20 15:43:39,966 [Worker-16: Launching assignment1] WARN  o.e.m.c.i.embedder.EclipseLogger - Using platform encoding (Cp1252 actually) to copy filtered resources, i.e. build is platform dependent!
2021-04-20 15:43:39,969 [Worker-16: Launching assignment1] INFO  o.e.m.c.i.embedder.EclipseLogger - Copying 0 resource
2021-04-20 15:43:39,970 [Worker-16: Launching assignment1] WARN  o.e.m.c.i.embedder.EclipseLogger - Using platform encoding (Cp1252 actually) to copy filtered resources, i.e. build is platform dependent!
2021-04-20 15:43:39,972 [Worker-16: Launching assignment1] INFO  o.e.m.c.i.embedder.EclipseLogger - Copying 0 resource
2021-04-20 15:53:21,096 [Worker-16: Launching assignment1] WARN  o.e.m.c.i.embedder.EclipseLogger - Using platform encoding (Cp1252 actually) to copy filtered resources, i.e. build is platform dependent!
2021-04-20 15:53:21,099 [Worker-16: Launching assignment1] INFO  o.e.m.c.i.embedder.EclipseLogger - Copying 0 resource
2021-04-20 15:53:21,101 [Worker-16: Launching assignment1] WARN  o.e.m.c.i.embedder.EclipseLogger - Using platform encoding (Cp1252 actually) to copy filtered resources, i.e. build is platform dependent!
2021-04-20 15:53:21,104 [Worker-16: Launching assignment1] INFO  o.e.m.c.i.embedder.EclipseLogger - Copying 0 resource
2021-04-20 15:54:01,917 [Worker-19: Launching assignment1] WARN  o.e.m.c.i.embedder.EclipseLogger - Using platform encoding (Cp1252 actually) to copy filtered resources, i.e. build is platform dependent!
2021-04-20 15:54:01,919 [Worker-19: Launching assignment1] INFO  o.e.m.c.i.embedder.EclipseLogger - Copying 0 resource
2021-04-20 15:54:01,923 [Worker-19: Launching assignment1] WARN  o.e.m.c.i.embedder.EclipseLogger - Using platform encoding (Cp1252 actually) to copy filtered resources, i.e. build is platform dependent!
2021-04-20 15:54:01,925 [Worker-19: Launching assignment1] INFO  o.e.m.c.i.embedder.EclipseLogger - Copying 0 resource
2021-04-20 15:57:45,591 [Worker-21: Launching assignment1] WARN  o.e.m.c.i.embedder.EclipseLogger - Using platform encoding (Cp1252 actually) to copy filtered resources, i.e. build is platform dependent!
2021-04-20 15:57:45,594 [Worker-21: Launching assignment1] INFO  o.e.m.c.i.embedder.EclipseLogger - Copying 0 resource
2021-04-20 15:57:45,597 [Worker-21: Launching assignment1] WARN  o.e.m.c.i.embedder.EclipseLogger - Using platform encoding (Cp1252 actually) to copy filtered resources, i.e. build is platform dependent!
2021-04-20 15:57:45,598 [Worker-21: Launching assignment1] INFO  o.e.m.c.i.embedder.EclipseLogger - Copying 0 resource
2021-04-20 15:59:49,296 [Worker-24: Launching assignment1] WARN  o.e.m.c.i.embedder.EclipseLogger - Using platform encoding (Cp1252 actually) to copy filtered resources, i.e. build is platform dependent!
2021-04-20 15:59:49,298 [Worker-24: Launching assignment1] INFO  o.e.m.c.i.embedder.EclipseLogger - Copying 0 resource
2021-04-20 15:59:49,300 [Worker-24: Launching assignment1] WARN  o.e.m.c.i.embedder.EclipseLogger - Using platform encoding (Cp1252 actually) to copy filtered resources, i.e. build is platform dependent!
2021-04-20 15:59:49,302 [Worker-24: Launching assignment1] INFO  o.e.m.c.i.embedder.EclipseLogger - Copying 0 resource
2021-04-20 16:02:52,837 [Worker-22: Launching assignment1] WARN  o.e.m.c.i.embedder.EclipseLogger - Using platform encoding (Cp1252 actually) to copy filtered resources, i.e. build is platform dependent!
2021-04-20 16:02:52,839 [Worker-22: Launching assignment1] INFO  o.e.m.c.i.embedder.EclipseLogger - Copying 0 resource
2021-04-20 16:02:52,841 [Worker-22: Launching assignment1] WARN  o.e.m.c.i.embedder.EclipseLogger - Using platform encoding (Cp1252 actually) to copy filtered resources, i.e. build is platform dependent!
2021-04-20 16:02:52,842 [Worker-22: Launching assignment1] INFO  o.e.m.c.i.embedder.EclipseLogger - Copying 0 resource
2021-04-20 16:04:55,849 [Worker-27: Launching assignment1] WARN  o.e.m.c.i.embedder.EclipseLogger - Using platform encoding (Cp1252 actually) to copy filtered resources, i.e. build is platform dependent!
2021-04-20 16:04:55,851 [Worker-27: Launching assignment1] INFO  o.e.m.c.i.embedder.EclipseLogger - Copying 0 resource
2021-04-20 16:04:55,854 [Worker-27: Launching assignment1] WARN  o.e.m.c.i.embedder.EclipseLogger - Using platform encoding (Cp1252 actually) to copy filtered resources, i.e. build is platform dependent!
2021-04-20 16:04:55,855 [Worker-27: Launching assignment1] INFO  o.e.m.c.i.embedder.EclipseLogger - Copying 0 resource
2021-04-20 16:22:19,468 [Worker-29: Launching assignment1] WARN  o.e.m.c.i.embedder.EclipseLogger - Using platform encoding (Cp1252 actually) to copy filtered resources, i.e. build is platform dependent!
2021-04-20 16:22:19,471 [Worker-29: Launching assignment1] INFO  o.e.m.c.i.embedder.EclipseLogger - Copying 0 resource
2021-04-20 16:22:19,474 [Worker-29: Launching assignment1] WARN  o.e.m.c.i.embedder.EclipseLogger - Using platform encoding (Cp1252 actually) to copy filtered resources, i.e. build is platform dependent!
2021-04-20 16:22:19,476 [Worker-29: Launching assignment1] INFO  o.e.m.c.i.embedder.EclipseLogger - Copying 0 resource
2021-04-20 16:24:15,672 [Worker-35: Launching assignment1] WARN  o.e.m.c.i.embedder.EclipseLogger - Using platform encoding (Cp1252 actually) to copy filtered resources, i.e. build is platform dependent!
2021-04-20 16:24:15,677 [Worker-35: Launching assignment1] INFO  o.e.m.c.i.embedder.EclipseLogger - Copying 0 resource
2021-04-20 16:24:15,679 [Worker-35: Launching assignment1] WARN  o.e.m.c.i.embedder.EclipseLogger - Using platform encoding (Cp1252 actually) to copy filtered resources, i.e. build is platform dependent!
2021-04-20 16:24:15,681 [Worker-35: Launching assignment1] INFO  o.e.m.c.i.embedder.EclipseLogger - Copying 0 resource
2021-04-20 16:24:25,065 [Worker-35: Launching assignment1] WARN  o.e.m.c.i.embedder.EclipseLogger - Using platform encoding (Cp1252 actually) to copy filtered resources, i.e. build is platform dependent!
2021-04-20 16:24:25,067 [Worker-35: Launching assignment1] INFO  o.e.m.c.i.embedder.EclipseLogger - Copying 0 resource
2021-04-20 16:24:25,069 [Worker-35: Launching assignment1] WARN  o.e.m.c.i.embedder.EclipseLogger - Using platform encoding (Cp1252 actually) to copy filtered resources, i.e. build is platform dependent!
2021-04-20 16:24:25,071 [Worker-35: Launching assignment1] INFO  o.e.m.c.i.embedder.EclipseLogger - Copying 0 resource
2021-04-20 16:30:15,796 [Worker-36: Launching assignment1] WARN  o.e.m.c.i.embedder.EclipseLogger - Using platform encoding (Cp1252 actually) to copy filtered resources, i.e. build is platform dependent!
2021-04-20 16:30:15,798 [Worker-36: Launching assignment1] INFO  o.e.m.c.i.embedder.EclipseLogger - Copying 0 resource
2021-04-20 16:30:15,799 [Worker-36: Launching assignment1] WARN  o.e.m.c.i.embedder.EclipseLogger - Using platform encoding (Cp1252 actually) to copy filtered resources, i.e. build is platform dependent!
2021-04-20 16:30:15,801 [Worker-36: Launching assignment1] INFO  o.e.m.c.i.embedder.EclipseLogger - Copying 0 resource
2021-04-20 16:32:54,353 [Worker-40: Launching assignment1] WARN  o.e.m.c.i.embedder.EclipseLogger - Using platform encoding (Cp1252 actually) to copy filtered resources, i.e. build is platform dependent!
2021-04-20 16:32:54,374 [Worker-40: Launching assignment1] INFO  o.e.m.c.i.embedder.EclipseLogger - Copying 0 resource
2021-04-20 16:32:54,379 [Worker-40: Launching assignment1] WARN  o.e.m.c.i.embedder.EclipseLogger - Using platform encoding (Cp1252 actually) to copy filtered resources, i.e. build is platform dependent!
2021-04-20 16:32:54,380 [Worker-40: Launching assignment1] INFO  o.e.m.c.i.embedder.EclipseLogger - Copying 0 resource
2021-04-20 16:33:10,809 [Worker-36: Launching assignment1] WARN  o.e.m.c.i.embedder.EclipseLogger - Using platform encoding (Cp1252 actually) to copy filtered resources, i.e. build is platform dependent!
2021-04-20 16:33:10,812 [Worker-36: Launching assignment1] INFO  o.e.m.c.i.embedder.EclipseLogger - Copying 0 resource
2021-04-20 16:33:10,813 [Worker-36: Launching assignment1] WARN  o.e.m.c.i.embedder.EclipseLogger - Using platform encoding (Cp1252 actually) to copy filtered resources, i.e. build is platform dependent!
2021-04-20 16:33:10,815 [Worker-36: Launching assignment1] INFO  o.e.m.c.i.embedder.EclipseLogger - Copying 0 resource
2021-04-20 16:40:24,510 [Worker-36: Launching assignment1] WARN  o.e.m.c.i.embedder.EclipseLogger - Using platform encoding (Cp1252 actually) to copy filtered resources, i.e. build is platform dependent!
2021-04-20 16:40:24,512 [Worker-36: Launching assignment1] INFO  o.e.m.c.i.embedder.EclipseLogger - Copying 0 resource
2021-04-20 16:40:24,514 [Worker-36: Launching assignment1] WARN  o.e.m.c.i.embedder.EclipseLogger - Using platform encoding (Cp1252 actually) to copy filtered resources, i.e. build is platform dependent!
2021-04-20 16:40:24,515 [Worker-36: Launching assignment1] INFO  o.e.m.c.i.embedder.EclipseLogger - Copying 0 resource
2021-04-20 16:40:38,566 [Worker-46: Launching assignment1] WARN  o.e.m.c.i.embedder.EclipseLogger - Using platform encoding (Cp1252 actually) to copy filtered resources, i.e. build is platform dependent!
2021-04-20 16:40:38,568 [Worker-46: Launching assignment1] INFO  o.e.m.c.i.embedder.EclipseLogger - Copying 0 resource
2021-04-20 16:40:38,570 [Worker-46: Launching assignment1] WARN  o.e.m.c.i.embedder.EclipseLogger - Using platform encoding (Cp1252 actually) to copy filtered resources, i.e. build is platform dependent!
2021-04-20 16:40:38,572 [Worker-46: Launching assignment1] INFO  o.e.m.c.i.embedder.EclipseLogger - Copying 0 resource
2021-04-20 16:41:47,207 [Worker-47: Launching assignment1] WARN  o.e.m.c.i.embedder.EclipseLogger - Using platform encoding (Cp1252 actually) to copy filtered resources, i.e. build is platform dependent!
2021-04-20 16:41:47,209 [Worker-47: Launching assignment1] INFO  o.e.m.c.i.embedder.EclipseLogger - Copying 0 resource
2021-04-20 16:41:47,212 [Worker-47: Launching assignment1] WARN  o.e.m.c.i.embedder.EclipseLogger - Using platform encoding (Cp1252 actually) to copy filtered resources, i.e. build is platform dependent!
2021-04-20 16:41:47,215 [Worker-47: Launching assignment1] INFO  o.e.m.c.i.embedder.EclipseLogger - Copying 0 resource
2021-04-20 17:05:15,446 [Worker-47: Launching assignment1] WARN  o.e.m.c.i.embedder.EclipseLogger - Using platform encoding (Cp1252 actually) to copy filtered resources, i.e. build is platform dependent!
2021-04-20 17:05:15,448 [Worker-47: Launching assignment1] INFO  o.e.m.c.i.embedder.EclipseLogger - Copying 0 resource
2021-04-20 17:05:15,450 [Worker-47: Launching assignment1] WARN  o.e.m.c.i.embedder.EclipseLogger - Using platform encoding (Cp1252 actually) to copy filtered resources, i.e. build is platform dependent!
2021-04-20 17:05:15,451 [Worker-47: Launching assignment1] INFO  o.e.m.c.i.embedder.EclipseLogger - Copying 0 resource
2021-04-20 17:07:51,859 [Worker-47: Launching assignment1] WARN  o.e.m.c.i.embedder.EclipseLogger - Using platform encoding (Cp1252 actually) to copy filtered resources, i.e. build is platform dependent!
2021-04-20 17:07:51,861 [Worker-47: Launching assignment1] INFO  o.e.m.c.i.embedder.EclipseLogger - Copying 0 resource
2021-04-20 17:07:51,863 [Worker-47: Launching assignment1] WARN  o.e.m.c.i.embedder.EclipseLogger - Using platform encoding (Cp1252 actually) to copy filtered resources, i.e. build is platform dependent!
2021-04-20 17:07:51,864 [Worker-47: Launching assignment1] INFO  o.e.m.c.i.embedder.EclipseLogger - Copying 0 resource
2021-04-20 17:09:02,763 [Worker-49: Launching assignment1] WARN  o.e.m.c.i.embedder.EclipseLogger - Using platform encoding (Cp1252 actually) to copy filtered resources, i.e. build is platform dependent!
2021-04-20 17:09:02,765 [Worker-49: Launching assignment1] INFO  o.e.m.c.i.embedder.EclipseLogger - Copying 0 resource
2021-04-20 17:09:02,767 [Worker-49: Launching assignment1] WARN  o.e.m.c.i.embedder.EclipseLogger - Using platform encoding (Cp1252 actually) to copy filtered resources, i.e. build is platform dependent!
2021-04-20 17:09:02,768 [Worker-49: Launching assignment1] INFO  o.e.m.c.i.embedder.EclipseLogger - Copying 0 resource
2021-04-20 17:11:50,289 [Worker-52: Launching assignment1] WARN  o.e.m.c.i.embedder.EclipseLogger - Using platform encoding (Cp1252 actually) to copy filtered resources, i.e. build is platform dependent!
2021-04-20 17:11:50,291 [Worker-52: Launching assignment1] INFO  o.e.m.c.i.embedder.EclipseLogger - Copying 0 resource
2021-04-20 17:11:50,293 [Worker-52: Launching assignment1] WARN  o.e.m.c.i.embedder.EclipseLogger - Using platform encoding (Cp1252 actually) to copy filtered resources, i.e. build is platform dependent!
2021-04-20 17:11:50,295 [Worker-52: Launching assignment1] INFO  o.e.m.c.i.embedder.EclipseLogger - Copying 0 resource
2021-04-20 17:12:58,936 [Worker-53: Launching assignment1] WARN  o.e.m.c.i.embedder.EclipseLogger - Using platform encoding (Cp1252 actually) to copy filtered resources, i.e. build is platform dependent!
2021-04-20 17:12:58,938 [Worker-53: Launching assignment1] INFO  o.e.m.c.i.embedder.EclipseLogger - Copying 0 resource
2021-04-20 17:12:58,941 [Worker-53: Launching assignment1] WARN  o.e.m.c.i.embedder.EclipseLogger - Using platform encoding (Cp1252 actually) to copy filtered resources, i.e. build is platform dependent!
2021-04-20 17:12:58,942 [Worker-53: Launching assignment1] INFO  o.e.m.c.i.embedder.EclipseLogger - Copying 0 resource
2021-04-20 17:13:25,759 [Worker-53: Launching assignment1] WARN  o.e.m.c.i.embedder.EclipseLogger - Using platform encoding (Cp1252 actually) to copy filtered resources, i.e. build is platform dependent!
2021-04-20 17:13:25,760 [Worker-53: Launching assignment1] INFO  o.e.m.c.i.embedder.EclipseLogger - Copying 0 resource
2021-04-20 17:13:25,762 [Worker-53: Launching assignment1] WARN  o.e.m.c.i.embedder.EclipseLogger - Using platform encoding (Cp1252 actually) to copy filtered resources, i.e. build is platform dependent!
2021-04-20 17:13:25,763 [Worker-53: Launching assignment1] INFO  o.e.m.c.i.embedder.EclipseLogger - Copying 0 resource
2021-04-20 17:13:38,083 [Worker-53: Launching assignment1] WARN  o.e.m.c.i.embedder.EclipseLogger - Using platform encoding (Cp1252 actually) to copy filtered resources, i.e. build is platform dependent!
2021-04-20 17:13:38,085 [Worker-53: Launching assignment1] INFO  o.e.m.c.i.embedder.EclipseLogger - Copying 0 resource
2021-04-20 17:13:38,086 [Worker-53: Launching assignment1] WARN  o.e.m.c.i.embedder.EclipseLogger - Using platform encoding (Cp1252 actually) to copy filtered resources, i.e. build is platform dependent!
2021-04-20 17:13:38,087 [Worker-53: Launching assignment1] INFO  o.e.m.c.i.embedder.EclipseLogger - Copying 0 resource
2021-04-20 17:13:45,215 [Worker-49: Launching assignment1] WARN  o.e.m.c.i.embedder.EclipseLogger - Using platform encoding (Cp1252 actually) to copy filtered resources, i.e. build is platform dependent!
2021-04-20 17:13:45,217 [Worker-49: Launching assignment1] INFO  o.e.m.c.i.embedder.EclipseLogger - Copying 0 resource
2021-04-20 17:13:45,218 [Worker-49: Launching assignment1] WARN  o.e.m.c.i.embedder.EclipseLogger - Using platform encoding (Cp1252 actually) to copy filtered resources, i.e. build is platform dependent!
2021-04-20 17:13:45,220 [Worker-49: Launching assignment1] INFO  o.e.m.c.i.embedder.EclipseLogger - Copying 0 resource
2021-04-20 17:14:52,609 [Worker-51: Launching assignment1] WARN  o.e.m.c.i.embedder.EclipseLogger - Using platform encoding (Cp1252 actually) to copy filtered resources, i.e. build is platform dependent!
2021-04-20 17:14:52,611 [Worker-51: Launching assignment1] INFO  o.e.m.c.i.embedder.EclipseLogger - Copying 0 resource
2021-04-20 17:14:52,613 [Worker-51: Launching assignment1] WARN  o.e.m.c.i.embedder.EclipseLogger - Using platform encoding (Cp1252 actually) to copy filtered resources, i.e. build is platform dependent!
2021-04-20 17:14:52,615 [Worker-51: Launching assignment1] INFO  o.e.m.c.i.embedder.EclipseLogger - Copying 0 resource
2021-04-20 17:15:03,395 [Worker-54: Launching assignment1] WARN  o.e.m.c.i.embedder.EclipseLogger - Using platform encoding (Cp1252 actually) to copy filtered resources, i.e. build is platform dependent!
2021-04-20 17:15:03,397 [Worker-54: Launching assignment1] INFO  o.e.m.c.i.embedder.EclipseLogger - Copying 0 resource
2021-04-20 17:15:03,399 [Worker-54: Launching assignment1] WARN  o.e.m.c.i.embedder.EclipseLogger - Using platform encoding (Cp1252 actually) to copy filtered resources, i.e. build is platform dependent!
2021-04-20 17:15:03,400 [Worker-54: Launching assignment1] INFO  o.e.m.c.i.embedder.EclipseLogger - Copying 0 resource
2021-04-20 17:16:19,390 [Worker-52: Launching assignment1] WARN  o.e.m.c.i.embedder.EclipseLogger - Using platform encoding (Cp1252 actually) to copy filtered resources, i.e. build is platform dependent!
2021-04-20 17:16:19,391 [Worker-52: Launching assignment1] INFO  o.e.m.c.i.embedder.EclipseLogger - Copying 0 resource
2021-04-20 17:16:19,393 [Worker-52: Launching assignment1] WARN  o.e.m.c.i.embedder.EclipseLogger - Using platform encoding (Cp1252 actually) to copy filtered resources, i.e. build is platform dependent!
2021-04-20 17:16:19,394 [Worker-52: Launching assignment1] INFO  o.e.m.c.i.embedder.EclipseLogger - Copying 0 resource
2021-04-20 17:16:31,120 [Worker-49: Launching assignment1] WARN  o.e.m.c.i.embedder.EclipseLogger - Using platform encoding (Cp1252 actually) to copy filtered resources, i.e. build is platform dependent!
2021-04-20 17:16:31,124 [Worker-49: Launching assignment1] INFO  o.e.m.c.i.embedder.EclipseLogger - Copying 0 resource
2021-04-20 17:16:31,126 [Worker-49: Launching assignment1] WARN  o.e.m.c.i.embedder.EclipseLogger - Using platform encoding (Cp1252 actually) to copy filtered resources, i.e. build is platform dependent!
2021-04-20 17:16:31,129 [Worker-49: Launching assignment1] INFO  o.e.m.c.i.embedder.EclipseLogger - Copying 0 resource
2021-04-20 17:16:43,085 [Worker-55: Launching assignment1] WARN  o.e.m.c.i.embedder.EclipseLogger - Using platform encoding (Cp1252 actually) to copy filtered resources, i.e. build is platform dependent!
2021-04-20 17:16:43,087 [Worker-55: Launching assignment1] INFO  o.e.m.c.i.embedder.EclipseLogger - Copying 0 resource
2021-04-20 17:16:43,090 [Worker-55: Launching assignment1] WARN  o.e.m.c.i.embedder.EclipseLogger - Using platform encoding (Cp1252 actually) to copy filtered resources, i.e. build is platform dependent!
2021-04-20 17:16:43,091 [Worker-55: Launching assignment1] INFO  o.e.m.c.i.embedder.EclipseLogger - Copying 0 resource
2021-04-20 17:19:50,264 [Worker-54: Launching assignment1] WARN  o.e.m.c.i.embedder.EclipseLogger - Using platform encoding (Cp1252 actually) to copy filtered resources, i.e. build is platform dependent!
2021-04-20 17:19:50,266 [Worker-54: Launching assignment1] INFO  o.e.m.c.i.embedder.EclipseLogger - Copying 0 resource
2021-04-20 17:19:50,268 [Worker-54: Launching assignment1] WARN  o.e.m.c.i.embedder.EclipseLogger - Using platform encoding (Cp1252 actually) to copy filtered resources, i.e. build is platform dependent!
2021-04-20 17:19:50,269 [Worker-54: Launching assignment1] INFO  o.e.m.c.i.embedder.EclipseLogger - Copying 0 resource
2021-04-20 17:22:03,441 [Worker-55: Launching assignment1] WARN  o.e.m.c.i.embedder.EclipseLogger - Using platform encoding (Cp1252 actually) to copy filtered resources, i.e. build is platform dependent!
2021-04-20 17:22:03,443 [Worker-55: Launching assignment1] INFO  o.e.m.c.i.embedder.EclipseLogger - Copying 0 resource
2021-04-20 17:22:03,445 [Worker-55: Launching assignment1] WARN  o.e.m.c.i.embedder.EclipseLogger - Using platform encoding (Cp1252 actually) to copy filtered resources, i.e. build is platform dependent!
2021-04-20 17:22:03,446 [Worker-55: Launching assignment1] INFO  o.e.m.c.i.embedder.EclipseLogger - Copying 0 resource
2021-04-20 17:24:39,012 [Worker-56: Launching assignment1] WARN  o.e.m.c.i.embedder.EclipseLogger - Using platform encoding (Cp1252 actually) to copy filtered resources, i.e. build is platform dependent!
2021-04-20 17:24:39,014 [Worker-56: Launching assignment1] INFO  o.e.m.c.i.embedder.EclipseLogger - Copying 0 resource
2021-04-20 17:24:39,016 [Worker-56: Launching assignment1] WARN  o.e.m.c.i.embedder.EclipseLogger - Using platform encoding (Cp1252 actually) to copy filtered resources, i.e. build is platform dependent!
2021-04-20 17:24:39,019 [Worker-56: Launching assignment1] INFO  o.e.m.c.i.embedder.EclipseLogger - Copying 0 resource
2021-04-20 17:28:01,626 [Worker-55: Launching assignment1] WARN  o.e.m.c.i.embedder.EclipseLogger - Using platform encoding (Cp1252 actually) to copy filtered resources, i.e. build is platform dependent!
2021-04-20 17:28:01,629 [Worker-55: Launching assignment1] INFO  o.e.m.c.i.embedder.EclipseLogger - Copying 0 resource
2021-04-20 17:28:01,631 [Worker-55: Launching assignment1] WARN  o.e.m.c.i.embedder.EclipseLogger - Using platform encoding (Cp1252 actually) to copy filtered resources, i.e. build is platform dependent!
2021-04-20 17:28:01,632 [Worker-55: Launching assignment1] INFO  o.e.m.c.i.embedder.EclipseLogger - Copying 0 resource
2021-04-20 17:28:33,166 [Worker-49: Launching assignment1] WARN  o.e.m.c.i.embedder.EclipseLogger - Using platform encoding (Cp1252 actually) to copy filtered resources, i.e. build is platform dependent!
2021-04-20 17:28:33,170 [Worker-49: Launching assignment1] INFO  o.e.m.c.i.embedder.EclipseLogger - Copying 0 resource
2021-04-20 17:28:33,179 [Worker-49: Launching assignment1] WARN  o.e.m.c.i.embedder.EclipseLogger - Using platform encoding (Cp1252 actually) to copy filtered resources, i.e. build is platform dependent!
2021-04-20 17:28:33,180 [Worker-49: Launching assignment1] INFO  o.e.m.c.i.embedder.EclipseLogger - Copying 0 resource
2021-04-20 17:31:05,940 [Worker-57: Launching assignment1] WARN  o.e.m.c.i.embedder.EclipseLogger - Using platform encoding (Cp1252 actually) to copy filtered resources, i.e. build is platform dependent!
2021-04-20 17:31:05,943 [Worker-57: Launching assignment1] INFO  o.e.m.c.i.embedder.EclipseLogger - Copying 0 resource
2021-04-20 17:31:05,945 [Worker-57: Launching assignment1] WARN  o.e.m.c.i.embedder.EclipseLogger - Using platform encoding (Cp1252 actually) to copy filtered resources, i.e. build is platform dependent!
2021-04-20 17:31:05,946 [Worker-57: Launching assignment1] INFO  o.e.m.c.i.embedder.EclipseLogger - Copying 0 resource
2021-04-20 17:31:24,815 [Worker-57: Launching assignment1] WARN  o.e.m.c.i.embedder.EclipseLogger - Using platform encoding (Cp1252 actually) to copy filtered resources, i.e. build is platform dependent!
2021-04-20 17:31:24,822 [Worker-57: Launching assignment1] INFO  o.e.m.c.i.embedder.EclipseLogger - Copying 0 resource
2021-04-20 17:31:24,824 [Worker-57: Launching assignment1] WARN  o.e.m.c.i.embedder.EclipseLogger - Using platform encoding (Cp1252 actually) to copy filtered resources, i.e. build is platform dependent!
2021-04-20 17:31:24,826 [Worker-57: Launching assignment1] INFO  o.e.m.c.i.embedder.EclipseLogger - Copying 0 resource
2021-04-20 17:34:12,748 [Worker-61: Launching assignment1] WARN  o.e.m.c.i.embedder.EclipseLogger - Using platform encoding (Cp1252 actually) to copy filtered resources, i.e. build is platform dependent!
2021-04-20 17:34:12,750 [Worker-61: Launching assignment1] INFO  o.e.m.c.i.embedder.EclipseLogger - Copying 0 resource
2021-04-20 17:34:12,752 [Worker-61: Launching assignment1] WARN  o.e.m.c.i.embedder.EclipseLogger - Using platform encoding (Cp1252 actually) to copy filtered resources, i.e. build is platform dependent!
2021-04-20 17:34:12,753 [Worker-61: Launching assignment1] INFO  o.e.m.c.i.embedder.EclipseLogger - Copying 0 resource
2021-04-20 17:36:18,828 [Worker-57: Launching assignment1] WARN  o.e.m.c.i.embedder.EclipseLogger - Using platform encoding (Cp1252 actually) to copy filtered resources, i.e. build is platform dependent!
2021-04-20 17:36:18,830 [Worker-57: Launching assignment1] INFO  o.e.m.c.i.embedder.EclipseLogger - Copying 0 resource
2021-04-20 17:36:18,832 [Worker-57: Launching assignment1] WARN  o.e.m.c.i.embedder.EclipseLogger - Using platform encoding (Cp1252 actually) to copy filtered resources, i.e. build is platform dependent!
2021-04-20 17:36:18,833 [Worker-57: Launching assignment1] INFO  o.e.m.c.i.embedder.EclipseLogger - Copying 0 resource
2021-04-20 17:37:40,896 [Worker-57: Launching assignment1] WARN  o.e.m.c.i.embedder.EclipseLogger - Using platform encoding (Cp1252 actually) to copy filtered resources, i.e. build is platform dependent!
2021-04-20 17:37:40,898 [Worker-57: Launching assignment1] INFO  o.e.m.c.i.embedder.EclipseLogger - Copying 0 resource
2021-04-20 17:37:40,901 [Worker-57: Launching assignment1] WARN  o.e.m.c.i.embedder.EclipseLogger - Using platform encoding (Cp1252 actually) to copy filtered resources, i.e. build is platform dependent!
2021-04-20 17:37:40,903 [Worker-57: Launching assignment1] INFO  o.e.m.c.i.embedder.EclipseLogger - Copying 0 resource
2021-04-20 17:37:58,159 [Worker-61: Launching assignment1] WARN  o.e.m.c.i.embedder.EclipseLogger - Using platform encoding (Cp1252 actually) to copy filtered resources, i.e. build is platform dependent!
2021-04-20 17:37:58,161 [Worker-61: Launching assignment1] INFO  o.e.m.c.i.embedder.EclipseLogger - Copying 0 resource
2021-04-20 17:37:58,162 [Worker-61: Launching assignment1] WARN  o.e.m.c.i.embedder.EclipseLogger - Using platform encoding (Cp1252 actually) to copy filtered resources, i.e. build is platform dependent!
2021-04-20 17:37:58,164 [Worker-61: Launching assignment1] INFO  o.e.m.c.i.embedder.EclipseLogger - Copying 0 resource
2021-04-20 17:38:41,978 [Worker-57: Launching assignment1] WARN  o.e.m.c.i.embedder.EclipseLogger - Using platform encoding (Cp1252 actually) to copy filtered resources, i.e. build is platform dependent!
2021-04-20 17:38:41,980 [Worker-57: Launching assignment1] INFO  o.e.m.c.i.embedder.EclipseLogger - Copying 0 resource
2021-04-20 17:38:41,981 [Worker-57: Launching assignment1] WARN  o.e.m.c.i.embedder.EclipseLogger - Using platform encoding (Cp1252 actually) to copy filtered resources, i.e. build is platform dependent!
2021-04-20 17:38:41,982 [Worker-57: Launching assignment1] INFO  o.e.m.c.i.embedder.EclipseLogger - Copying 0 resource
2021-04-20 17:40:29,539 [Worker-62: Launching assignment1] WARN  o.e.m.c.i.embedder.EclipseLogger - Using platform encoding (Cp1252 actually) to copy filtered resources, i.e. build is platform dependent!
2021-04-20 17:40:29,542 [Worker-62: Launching assignment1] INFO  o.e.m.c.i.embedder.EclipseLogger - Copying 0 resource
2021-04-20 17:40:29,543 [Worker-62: Launching assignment1] WARN  o.e.m.c.i.embedder.EclipseLogger - Using platform encoding (Cp1252 actually) to copy filtered resources, i.e. build is platform dependent!
2021-04-20 17:40:29,545 [Worker-62: Launching assignment1] INFO  o.e.m.c.i.embedder.EclipseLogger - Copying 0 resource
2021-04-20 17:40:55,729 [Worker-57: Building] WARN  o.e.m.c.i.embedder.EclipseLogger - Using platform encoding (Cp1252 actually) to copy filtered resources, i.e. build is platform dependent!
2021-04-20 17:40:55,730 [Worker-57: Building] INFO  o.e.m.c.i.embedder.EclipseLogger - Copying 0 resource
2021-04-20 17:40:55,732 [Worker-57: Building] WARN  o.e.m.c.i.embedder.EclipseLogger - Using platform encoding (Cp1252 actually) to copy filtered resources, i.e. build is platform dependent!
2021-04-20 17:40:55,733 [Worker-57: Building] INFO  o.e.m.c.i.embedder.EclipseLogger - Copying 0 resource
2021-04-22 14:23:49,548 [Worker-1: Loading available Gradle versions] INFO  o.e.b.c.i.u.g.PublishedGradleVersions - Gradle version information cache is up-to-date. Trying to read.
2021-04-22 14:25:47,059 [Worker-2: Loading available Gradle versions] INFO  o.e.b.c.i.u.g.PublishedGradleVersions - Gradle version information cache is up-to-date. Trying to read.
